2022-12-22 Thursday 05:21:53  run.py : INFO  uci 0 begin
2022-12-22 Thursday 05:23:36  run.py : INFO  uci 0 finish
2022-12-22 Thursday 05:23:36  run.py : INFO  uci 1 begin
2022-12-22 Thursday 05:25:18  run.py : INFO  uci 1 finish
2022-12-22 Thursday 05:25:18  run.py : INFO  uci 2 begin
2022-12-22 Thursday 05:27:01  run.py : INFO  uci 2 finish
2022-12-22 Thursday 05:27:01  run.py : INFO  uci 3 begin
2022-12-22 Thursday 05:28:44  run.py : INFO  uci 3 finish
2022-12-22 Thursday 05:28:44  run.py : INFO  uci 4 begin
2022-12-22 Thursday 05:30:28  run.py : INFO  uci 4 finish
2022-12-22 Thursday 05:30:28  run.py : INFO  uci 5 begin
2022-12-22 Thursday 05:32:11  run.py : INFO  uci 5 finish
2022-12-22 Thursday 05:32:11  run.py : INFO  uci 6 begin
2022-12-22 Thursday 05:33:55  run.py : INFO  uci 6 finish
2022-12-22 Thursday 05:33:55  run.py : INFO  uci 7 begin
2022-12-22 Thursday 05:35:39  run.py : INFO  uci 7 finish
2022-12-22 Thursday 05:35:39  run.py : INFO  uci 8 begin
2022-12-22 Thursday 05:37:23  run.py : INFO  uci 8 finish
2022-12-22 Thursday 05:37:23  run.py : INFO  uci 9 begin
2022-12-22 Thursday 05:39:06  run.py : INFO  uci 9 finish
2022-12-22 Thursday 05:39:06  run.py : INFO  uci 10 begin
2022-12-22 Thursday 05:40:51  run.py : INFO  uci 10 finish
2022-12-22 Thursday 05:40:51  run.py : INFO  uci 11 begin
2022-12-22 Thursday 05:42:34  run.py : INFO  uci 11 finish
2022-12-22 Thursday 05:42:34  run.py : INFO  uci 12 begin
2022-12-22 Thursday 05:44:18  run.py : INFO  uci 12 finish
2022-12-22 Thursday 05:44:18  run.py : INFO  uci 13 begin
2022-12-22 Thursday 05:46:01  run.py : INFO  uci 13 finish
2022-12-22 Thursday 05:46:01  run.py : INFO  uci 14 begin
2022-12-22 Thursday 05:47:45  run.py : INFO  uci 14 finish
2022-12-22 Thursday 05:47:45  run.py : INFO  uci 15 begin
2022-12-22 Thursday 05:49:28  run.py : INFO  uci 15 finish
2022-12-22 Thursday 05:49:28  run.py : INFO  uci 16 begin
2022-12-22 Thursday 05:51:23  run.py : INFO  uci 16 finish
2022-12-22 Thursday 05:51:23  run.py : INFO  uci 17 begin
2022-12-22 Thursday 05:53:07  run.py : INFO  uci 17 finish
2022-12-22 Thursday 05:53:07  run.py : INFO  uci 18 begin
2022-12-22 Thursday 05:54:51  run.py : INFO  uci 18 finish
2022-12-22 Thursday 05:54:51  run.py : INFO  uci 19 begin
2022-12-22 Thursday 05:56:34  run.py : INFO  uci 19 finish
2022-12-22 Thursday 06:27:16  run.py : INFO  uci 0 begin
2022-12-22 Thursday 06:28:59  run.py : INFO  uci 0 finish
2022-12-22 Thursday 06:28:59  run.py : INFO  uci 1 begin
2022-12-22 Thursday 06:30:43  run.py : INFO  uci 1 finish
2022-12-22 Thursday 06:30:43  run.py : INFO  uci 2 begin
2022-12-22 Thursday 06:32:25  run.py : INFO  uci 2 finish
2022-12-22 Thursday 06:32:25  run.py : INFO  uci 3 begin
2022-12-22 Thursday 06:34:09  run.py : INFO  uci 3 finish
2022-12-22 Thursday 06:34:09  run.py : INFO  uci 4 begin
2022-12-22 Thursday 06:35:52  run.py : INFO  uci 4 finish
2022-12-22 Thursday 06:35:52  run.py : INFO  uci 5 begin
2022-12-22 Thursday 06:37:36  run.py : INFO  uci 5 finish
2022-12-22 Thursday 06:37:36  run.py : INFO  uci 6 begin
2022-12-22 Thursday 06:39:20  run.py : INFO  uci 6 finish
2022-12-22 Thursday 06:39:20  run.py : INFO  uci 7 begin
2022-12-22 Thursday 06:41:04  run.py : INFO  uci 7 finish
2022-12-22 Thursday 06:41:04  run.py : INFO  uci 8 begin
2022-12-22 Thursday 06:42:46  run.py : INFO  uci 8 finish
2022-12-22 Thursday 06:42:46  run.py : INFO  uci 9 begin
2022-12-22 Thursday 06:44:29  run.py : INFO  uci 9 finish
2022-12-22 Thursday 06:44:29  run.py : INFO  uci 10 begin
2022-12-22 Thursday 06:46:13  run.py : INFO  uci 10 finish
2022-12-22 Thursday 06:46:13  run.py : INFO  uci 11 begin
2022-12-22 Thursday 06:47:59  run.py : INFO  uci 11 finish
2022-12-22 Thursday 06:47:59  run.py : INFO  uci 12 begin
2022-12-22 Thursday 06:49:48  run.py : INFO  uci 12 finish
2022-12-22 Thursday 06:49:48  run.py : INFO  uci 13 begin
2022-12-22 Thursday 06:51:37  run.py : INFO  uci 13 finish
2022-12-22 Thursday 06:51:37  run.py : INFO  uci 14 begin
2022-12-22 Thursday 06:53:22  run.py : INFO  uci 14 finish
2022-12-22 Thursday 06:53:22  run.py : INFO  uci 15 begin
2022-12-22 Thursday 06:55:07  run.py : INFO  uci 15 finish
2022-12-22 Thursday 06:55:07  run.py : INFO  uci 16 begin
2022-12-22 Thursday 06:56:55  run.py : INFO  uci 16 finish
2022-12-22 Thursday 06:56:55  run.py : INFO  uci 17 begin
2022-12-22 Thursday 06:58:44  run.py : INFO  uci 17 finish
2022-12-22 Thursday 06:58:44  run.py : INFO  uci 18 begin
2022-12-22 Thursday 07:00:31  run.py : INFO  uci 18 finish
2022-12-22 Thursday 07:00:31  run.py : INFO  uci 19 begin
2022-12-22 Thursday 07:02:18  run.py : INFO  uci 19 finish
2022-12-23 Friday 03:03:21  run.py : INFO  as 0 begin
2022-12-23 Friday 03:19:54  run.py : INFO  as 0 finish
2022-12-23 Friday 03:19:54  run.py : INFO  as 1 begin
2022-12-23 Friday 03:20:09  run.py : INFO  as 1 finish
2022-12-23 Friday 03:20:09  run.py : INFO  as 2 begin
2022-12-23 Friday 03:20:18  run.py : INFO  as 2 finish
2022-12-23 Friday 03:20:18  run.py : INFO  as 3 begin
2022-12-23 Friday 03:20:19  run.py : INFO  as 3 finish
2022-12-23 Friday 03:20:19  run.py : INFO  as 4 begin
2022-12-23 Friday 03:20:20  run.py : INFO  as 4 finish
2022-12-23 Friday 03:20:20  run.py : INFO  as 5 begin
2022-12-23 Friday 03:20:20  run.py : INFO  as 5 finish
2022-12-23 Friday 03:20:20  run.py : INFO  as 6 begin
2022-12-23 Friday 03:20:20  run.py : INFO  as 6 finish
2022-12-23 Friday 03:20:20  run.py : INFO  as 7 begin
2022-12-23 Friday 03:20:20  run.py : INFO  as 7 finish
2022-12-23 Friday 03:20:20  run.py : INFO  as 8 begin
2022-12-23 Friday 03:20:21  run.py : INFO  as 8 finish
2022-12-23 Friday 03:20:21  run.py : INFO  as 9 begin
2022-12-23 Friday 03:20:22  run.py : INFO  as 9 finish
2022-12-23 Friday 03:20:22  run.py : INFO  as 10 begin
2022-12-23 Friday 03:20:22  run.py : INFO  as 10 finish
2022-12-23 Friday 03:20:22  run.py : INFO  as 11 begin
2022-12-23 Friday 03:20:23  run.py : INFO  as 11 finish
2022-12-23 Friday 03:20:23  run.py : INFO  as 12 begin
2022-12-23 Friday 03:20:23  run.py : INFO  as 12 finish
2022-12-23 Friday 03:20:23  run.py : INFO  as 13 begin
2022-12-23 Friday 03:20:23  run.py : INFO  as 13 finish
2022-12-23 Friday 03:20:23  run.py : INFO  as 14 begin
2022-12-23 Friday 03:20:23  run.py : INFO  as 14 finish
2022-12-23 Friday 03:20:23  run.py : INFO  as 15 begin
2022-12-23 Friday 03:20:23  run.py : INFO  as 15 finish
2022-12-23 Friday 03:20:23  run.py : INFO  as 16 begin
2022-12-23 Friday 03:20:24  run.py : INFO  as 16 finish
2022-12-23 Friday 03:20:24  run.py : INFO  as 17 begin
2022-12-23 Friday 03:20:24  run.py : INFO  as 17 finish
2022-12-23 Friday 03:20:24  run.py : INFO  as 18 begin
2022-12-23 Friday 03:20:24  run.py : INFO  as 18 finish
2022-12-23 Friday 03:20:24  run.py : INFO  as 19 begin
2022-12-23 Friday 03:20:24  run.py : INFO  as 19 finish
2022-12-24 Saturday 07:16:23  run.py : INFO  as 0 begin
2022-12-24 Saturday 09:21:20  run.py : INFO  as 0 finish
2022-12-24 Saturday 09:21:20  run.py : INFO  as 1 begin
2022-12-24 Saturday 11:25:00  run.py : INFO  as 1 finish
2022-12-24 Saturday 11:25:00  run.py : INFO  as 2 begin
2022-12-24 Saturday 13:29:03  run.py : INFO  as 2 finish
2022-12-24 Saturday 13:29:03  run.py : INFO  as 3 begin
2022-12-24 Saturday 15:30:57  run.py : INFO  as 3 finish
2022-12-24 Saturday 15:30:57  run.py : INFO  as 4 begin
2022-12-24 Saturday 17:36:59  run.py : INFO  as 4 finish
2022-12-24 Saturday 17:36:59  run.py : INFO  as 5 begin
2022-12-24 Saturday 19:40:40  run.py : INFO  as 5 finish
2022-12-24 Saturday 19:40:40  run.py : INFO  as 6 begin
2022-12-24 Saturday 21:43:52  run.py : INFO  as 6 finish
2022-12-24 Saturday 21:43:52  run.py : INFO  as 7 begin
2022-12-24 Saturday 23:43:27  run.py : INFO  as 7 finish
2022-12-24 Saturday 23:43:27  run.py : INFO  as 8 begin
2022-12-25 Sunday 01:42:32  run.py : INFO  as 8 finish
2022-12-25 Sunday 01:42:32  run.py : INFO  as 9 begin
2022-12-25 Sunday 03:40:57  run.py : INFO  as 9 finish
2022-12-25 Sunday 03:40:57  run.py : INFO  as 10 begin
2022-12-25 Sunday 05:39:53  run.py : INFO  as 10 finish
2022-12-25 Sunday 05:39:53  run.py : INFO  as 11 begin
2022-12-25 Sunday 07:53:45  run.py : INFO  as 11 finish
2022-12-25 Sunday 07:53:45  run.py : INFO  as 12 begin
2022-12-25 Sunday 08:30:19  run.py : INFO  as 12 finish
2022-12-25 Sunday 08:30:19  run.py : INFO  as 13 begin
2022-12-25 Sunday 08:30:20  run.py : INFO  as 13 finish
2022-12-25 Sunday 08:30:20  run.py : INFO  as 14 begin
2022-12-25 Sunday 08:30:20  run.py : INFO  as 14 finish
2022-12-25 Sunday 08:30:20  run.py : INFO  as 15 begin
2022-12-25 Sunday 08:30:21  run.py : INFO  as 15 finish
2022-12-25 Sunday 08:30:21  run.py : INFO  as 16 begin
2022-12-25 Sunday 08:30:21  run.py : INFO  as 16 finish
2022-12-25 Sunday 08:30:21  run.py : INFO  as 17 begin
2022-12-25 Sunday 08:30:21  run.py : INFO  as 17 finish
2022-12-25 Sunday 08:30:21  run.py : INFO  as 18 begin
2022-12-25 Sunday 08:30:23  run.py : INFO  as 18 finish
2022-12-25 Sunday 08:30:23  run.py : INFO  as 19 begin
2022-12-25 Sunday 08:30:24  run.py : INFO  as 19 finish
2022-12-25 Sunday 08:32:20  run.py : INFO  math 0 begin
2022-12-25 Sunday 08:43:11  run.py : INFO  math 0 finish
2022-12-25 Sunday 08:43:11  run.py : INFO  math 1 begin
2022-12-25 Sunday 12:32:40  run.py : INFO  math 1 finish
2022-12-25 Sunday 12:32:40  run.py : INFO  math 2 begin
2022-12-25 Sunday 15:43:30  run.py : INFO  math 2 finish
2022-12-25 Sunday 15:43:30  run.py : INFO  math 3 begin
2022-12-25 Sunday 18:56:07  run.py : INFO  math 3 finish
2022-12-25 Sunday 18:56:07  run.py : INFO  math 4 begin
2022-12-25 Sunday 22:14:08  run.py : INFO  math 4 finish
2022-12-25 Sunday 22:14:08  run.py : INFO  math 5 begin
2022-12-26 Monday 01:32:16  run.py : INFO  math 5 finish
2022-12-26 Monday 01:32:16  run.py : INFO  math 6 begin
2022-12-26 Monday 04:45:54  run.py : INFO  math 6 finish
2022-12-26 Monday 04:45:54  run.py : INFO  math 7 begin
2022-12-26 Monday 07:57:28  run.py : INFO  math 7 finish
2022-12-26 Monday 07:57:28  run.py : INFO  math 8 begin
2022-12-26 Monday 11:10:27  run.py : INFO  math 8 finish
2022-12-26 Monday 11:10:27  run.py : INFO  math 9 begin
2022-12-26 Monday 14:24:17  run.py : INFO  math 9 finish
2023-02-23 Thursday 01:37:53  run.py : INFO  math 0 begin
2023-02-23 Thursday 04:04:25  run.py : INFO  math 0 finish
2023-02-23 Thursday 04:04:25  run.py : INFO  math 1 begin
2023-02-23 Thursday 06:14:51  run.py : INFO  math 1 finish
2023-02-23 Thursday 06:14:51  run.py : INFO  math 2 begin
2023-02-23 Thursday 08:08:02  run.py : INFO  math 0 begin
2023-02-23 Thursday 08:12:14  run.py : INFO  math 0 finish
2023-02-23 Thursday 08:12:14  run.py : INFO  math 1 begin
2023-02-23 Thursday 08:16:07  run.py : INFO  math 1 finish
2023-02-23 Thursday 08:16:07  run.py : INFO  math 2 begin
2023-02-23 Thursday 08:20:14  run.py : INFO  math 2 finish
2023-02-23 Thursday 08:20:14  run.py : INFO  math 3 begin
2023-02-23 Thursday 08:24:16  run.py : INFO  math 3 finish
2023-02-23 Thursday 08:24:16  run.py : INFO  math 4 begin
2023-02-23 Thursday 08:28:12  run.py : INFO  math 4 finish
2023-02-23 Thursday 08:28:12  run.py : INFO  math 5 begin
2023-02-23 Thursday 08:32:27  run.py : INFO  math 5 finish
2023-02-23 Thursday 08:32:27  run.py : INFO  math 6 begin
2023-02-23 Thursday 08:36:18  run.py : INFO  math 6 finish
2023-02-23 Thursday 08:36:18  run.py : INFO  math 7 begin
2023-02-23 Thursday 08:40:40  run.py : INFO  math 7 finish
2023-02-23 Thursday 08:40:40  run.py : INFO  math 8 begin
2023-02-23 Thursday 08:44:53  run.py : INFO  math 8 finish
2023-02-23 Thursday 08:44:53  run.py : INFO  math 9 begin
2023-02-23 Thursday 08:49:25  run.py : INFO  math 2 finish
2023-02-23 Thursday 08:49:25  run.py : INFO  math 3 begin
2023-02-23 Thursday 08:49:34  run.py : INFO  math 9 finish
2023-02-23 Thursday 11:04:26  run.py : INFO  math 3 finish
2023-02-23 Thursday 11:04:26  run.py : INFO  math 4 begin
2023-02-23 Thursday 11:07:44  run.py : INFO  math 0 begin
2023-02-23 Thursday 11:08:16  run.py : INFO  math 0 finish
2023-02-23 Thursday 11:08:16  run.py : INFO  math 1 begin
2023-02-23 Thursday 11:08:53  run.py : INFO  math 1 finish
2023-02-23 Thursday 11:08:53  run.py : INFO  math 2 begin
2023-02-23 Thursday 11:08:53  run.py : INFO  math 2 finish
2023-02-23 Thursday 11:08:53  run.py : INFO  math 3 begin
2023-02-23 Thursday 11:08:54  run.py : INFO  math 3 finish
2023-02-23 Thursday 11:08:54  run.py : INFO  math 4 begin
2023-02-23 Thursday 11:08:54  run.py : INFO  math 4 finish
2023-02-23 Thursday 11:08:54  run.py : INFO  math 5 begin
2023-02-23 Thursday 11:08:54  run.py : INFO  math 5 finish
2023-02-23 Thursday 11:08:54  run.py : INFO  math 6 begin
2023-02-23 Thursday 11:08:54  run.py : INFO  math 6 finish
2023-02-23 Thursday 11:08:54  run.py : INFO  math 7 begin
2023-02-23 Thursday 11:08:54  run.py : INFO  math 7 finish
2023-02-23 Thursday 11:08:54  run.py : INFO  math 8 begin
2023-02-23 Thursday 11:08:55  run.py : INFO  math 8 finish
2023-02-23 Thursday 11:08:55  run.py : INFO  math 9 begin
2023-02-23 Thursday 11:08:55  run.py : INFO  math 9 finish
2023-02-23 Thursday 11:09:11  run.py : INFO  math 0 begin
2023-02-23 Thursday 11:18:23  run.py : INFO  math 0 finish
2023-02-23 Thursday 11:18:23  run.py : INFO  math 1 begin
2023-02-23 Thursday 11:26:27  run.py : INFO  math 1 finish
2023-02-23 Thursday 11:26:27  run.py : INFO  math 2 begin
2023-02-23 Thursday 11:34:49  run.py : INFO  math 2 finish
2023-02-23 Thursday 11:34:49  run.py : INFO  math 3 begin
2023-02-23 Thursday 11:43:27  run.py : INFO  math 3 finish
2023-02-23 Thursday 11:43:27  run.py : INFO  math 4 begin
2023-02-23 Thursday 11:53:00  run.py : INFO  math 4 finish
2023-02-23 Thursday 11:53:00  run.py : INFO  math 5 begin
2023-02-23 Thursday 12:02:25  run.py : INFO  math 5 finish
2023-02-23 Thursday 12:02:25  run.py : INFO  math 6 begin
2023-02-23 Thursday 12:11:43  run.py : INFO  math 6 finish
2023-02-23 Thursday 12:11:43  run.py : INFO  math 7 begin
2023-02-23 Thursday 12:24:45  run.py : INFO  math 7 finish
2023-02-23 Thursday 12:24:45  run.py : INFO  math 8 begin
2023-02-23 Thursday 12:32:46  run.py : INFO  math 8 finish
2023-02-23 Thursday 12:32:46  run.py : INFO  math 9 begin
2023-02-23 Thursday 12:40:28  run.py : INFO  math 9 finish
2023-02-23 Thursday 13:24:12  run.py : INFO  math 4 finish
2023-02-23 Thursday 13:24:12  run.py : INFO  math 5 begin
2023-02-23 Thursday 15:23:13  run.py : INFO  math 5 finish
2023-02-23 Thursday 15:23:13  run.py : INFO  math 6 begin
2023-02-23 Thursday 17:22:08  run.py : INFO  math 6 finish
2023-02-23 Thursday 17:22:08  run.py : INFO  math 7 begin
2023-02-23 Thursday 19:20:51  run.py : INFO  math 7 finish
2023-02-23 Thursday 19:20:51  run.py : INFO  math 8 begin
2023-02-23 Thursday 21:20:14  run.py : INFO  math 8 finish
2023-02-23 Thursday 21:20:14  run.py : INFO  math 9 begin
2023-02-23 Thursday 23:20:04  run.py : INFO  math 9 finish
2023-02-24 Friday 11:20:42  run.py : INFO  math 0 begin
2023-02-24 Friday 11:21:03  run.py : INFO  math 0 finish
2023-02-24 Friday 11:21:03  run.py : INFO  math 1 begin
2023-02-24 Friday 11:21:24  run.py : INFO  math 1 finish
2023-02-24 Friday 11:21:24  run.py : INFO  math 2 begin
2023-02-24 Friday 11:21:46  run.py : INFO  math 2 finish
2023-02-24 Friday 11:21:46  run.py : INFO  math 3 begin
2023-02-24 Friday 11:22:07  run.py : INFO  math 3 finish
2023-02-24 Friday 11:22:07  run.py : INFO  math 4 begin
2023-02-24 Friday 11:22:22  run.py : INFO  math 4 finish
2023-02-24 Friday 11:22:22  run.py : INFO  math 5 begin
2023-02-24 Friday 11:22:22  run.py : INFO  math 5 finish
2023-02-24 Friday 11:22:22  run.py : INFO  math 6 begin
2023-02-24 Friday 11:22:23  run.py : INFO  math 6 finish
2023-02-24 Friday 11:22:23  run.py : INFO  math 7 begin
2023-02-24 Friday 11:22:23  run.py : INFO  math 7 finish
2023-02-24 Friday 11:22:23  run.py : INFO  math 8 begin
2023-02-24 Friday 11:22:23  run.py : INFO  math 8 finish
2023-02-24 Friday 11:22:23  run.py : INFO  math 9 begin
2023-02-24 Friday 11:22:24  run.py : INFO  math 9 finish
2023-02-24 Friday 11:24:10  run.py : INFO  math 0 begin
2023-02-24 Friday 12:03:46  run.py : INFO  mooc 0 finish
2023-02-24 Friday 12:03:46  run.py : INFO  math 1 begin
2023-02-24 Friday 12:42:50  run.py : INFO  mooc 1 finish
2023-02-24 Friday 12:42:50  run.py : INFO  math 2 begin
2023-02-24 Friday 13:22:31  run.py : INFO  mooc 2 finish
2023-02-24 Friday 13:22:31  run.py : INFO  math 3 begin
2023-02-24 Friday 13:58:06  run.py : INFO  mooc 3 finish
2023-02-24 Friday 13:58:06  run.py : INFO  math 4 begin
2023-02-24 Friday 14:33:27  run.py : INFO  mooc 4 finish
2023-02-24 Friday 14:33:27  run.py : INFO  math 5 begin
2023-02-24 Friday 15:09:05  run.py : INFO  mooc 5 finish
2023-02-24 Friday 15:09:05  run.py : INFO  math 6 begin
2023-02-24 Friday 15:44:04  run.py : INFO  mooc 6 finish
2023-02-24 Friday 15:44:04  run.py : INFO  math 7 begin
2023-02-24 Friday 16:18:20  run.py : INFO  mooc 7 finish
2023-02-24 Friday 16:18:20  run.py : INFO  math 8 begin
2023-02-24 Friday 16:51:41  run.py : INFO  mooc 8 finish
2023-02-24 Friday 16:51:41  run.py : INFO  math 9 begin
2023-02-24 Friday 17:25:32  run.py : INFO  mooc 9 finish
2023-02-24 Friday 23:58:26  run.py : INFO  math 0 begin
2023-02-25 Saturday 00:35:12  run.py : INFO  mooc 0 finish
2023-02-25 Saturday 00:35:12  run.py : INFO  math 1 begin
2023-02-25 Saturday 01:11:59  run.py : INFO  mooc 1 finish
2023-02-25 Saturday 01:11:59  run.py : INFO  math 2 begin
2023-02-25 Saturday 01:47:12  run.py : INFO  mooc 2 finish
2023-02-25 Saturday 01:47:12  run.py : INFO  math 3 begin
2023-02-25 Saturday 02:23:12  run.py : INFO  mooc 3 finish
2023-02-25 Saturday 02:23:12  run.py : INFO  math 4 begin
2023-02-25 Saturday 03:01:12  run.py : INFO  mooc 4 finish
2023-02-25 Saturday 03:01:12  run.py : INFO  math 5 begin
2023-02-25 Saturday 03:37:52  run.py : INFO  mooc 5 finish
2023-02-25 Saturday 03:37:52  run.py : INFO  math 6 begin
2023-02-25 Saturday 04:14:01  run.py : INFO  mooc 6 finish
2023-02-25 Saturday 04:14:01  run.py : INFO  math 7 begin
2023-02-25 Saturday 04:50:56  run.py : INFO  mooc 7 finish
2023-02-25 Saturday 04:50:56  run.py : INFO  math 8 begin
2023-02-25 Saturday 05:27:14  run.py : INFO  mooc 8 finish
2023-02-25 Saturday 05:27:14  run.py : INFO  math 9 begin
2023-02-25 Saturday 06:02:58  run.py : INFO  mooc 9 finish
2023-02-27 Monday 08:15:12  run.py : INFO  math 0 begin
2023-02-27 Monday 08:17:33  run.py : INFO  mooc 0 finish
2023-02-27 Monday 08:17:33  run.py : INFO  math 1 begin
2023-02-27 Monday 08:19:42  run.py : INFO  mooc 1 finish
2023-02-27 Monday 08:19:42  run.py : INFO  math 2 begin
2023-02-27 Monday 08:21:58  run.py : INFO  mooc 2 finish
2023-02-27 Monday 08:21:58  run.py : INFO  math 3 begin
2023-02-27 Monday 08:24:09  run.py : INFO  mooc 3 finish
2023-02-27 Monday 08:24:09  run.py : INFO  math 4 begin
2023-02-27 Monday 08:26:20  run.py : INFO  mooc 4 finish
2023-02-27 Monday 08:26:20  run.py : INFO  math 5 begin
2023-02-27 Monday 08:28:13  run.py : INFO  mooc 5 finish
2023-02-27 Monday 08:28:13  run.py : INFO  math 6 begin
2023-02-27 Monday 08:30:34  run.py : INFO  mooc 6 finish
2023-02-27 Monday 08:30:34  run.py : INFO  math 7 begin
2023-02-27 Monday 08:32:40  run.py : INFO  mooc 7 finish
2023-02-27 Monday 08:32:40  run.py : INFO  math 8 begin
2023-02-27 Monday 08:34:43  run.py : INFO  mooc 8 finish
2023-02-27 Monday 08:34:43  run.py : INFO  math 9 begin
2023-02-27 Monday 08:36:42  run.py : INFO  mooc 9 finish
2023-03-14 Tuesday 03:35:41  run.py : INFO  math 0 begin
2023-03-14 Tuesday 03:36:01  run.py : INFO  mooc 0 finish
2023-03-14 Tuesday 03:36:01  run.py : INFO  math 1 begin
2023-03-14 Tuesday 03:36:10  run.py : INFO  mooc 1 finish
2023-03-14 Tuesday 03:36:10  run.py : INFO  math 2 begin
2023-03-14 Tuesday 03:36:10  run.py : INFO  mooc 2 finish
2023-03-14 Tuesday 03:36:10  run.py : INFO  math 3 begin
2023-03-14 Tuesday 03:36:10  run.py : INFO  mooc 3 finish
2023-03-14 Tuesday 03:36:10  run.py : INFO  math 4 begin
2023-03-14 Tuesday 03:36:10  run.py : INFO  mooc 4 finish
2023-03-14 Tuesday 03:36:10  run.py : INFO  math 5 begin
2023-03-14 Tuesday 03:36:10  run.py : INFO  mooc 5 finish
2023-03-14 Tuesday 03:36:10  run.py : INFO  math 6 begin
2023-03-14 Tuesday 03:36:11  run.py : INFO  mooc 6 finish
2023-03-14 Tuesday 03:36:11  run.py : INFO  math 7 begin
2023-03-14 Tuesday 03:36:11  run.py : INFO  mooc 7 finish
2023-03-14 Tuesday 03:36:11  run.py : INFO  math 8 begin
2023-03-14 Tuesday 03:36:11  run.py : INFO  mooc 8 finish
2023-03-14 Tuesday 03:36:11  run.py : INFO  math 9 begin
2023-03-14 Tuesday 03:36:11  run.py : INFO  mooc 9 finish
2023-03-14 Tuesday 03:36:58  run.py : INFO  math 0 begin
2023-03-14 Tuesday 03:39:08  run.py : INFO  mooc 0 finish
2023-03-14 Tuesday 03:39:08  run.py : INFO  math 1 begin
2023-03-14 Tuesday 03:41:19  run.py : INFO  mooc 1 finish
2023-03-14 Tuesday 03:41:19  run.py : INFO  math 2 begin
2023-03-14 Tuesday 03:43:23  run.py : INFO  mooc 2 finish
2023-03-14 Tuesday 03:43:23  run.py : INFO  math 3 begin
2023-03-14 Tuesday 03:45:39  run.py : INFO  mooc 3 finish
2023-03-14 Tuesday 03:45:39  run.py : INFO  math 4 begin
2023-03-14 Tuesday 03:47:43  run.py : INFO  mooc 4 finish
2023-03-14 Tuesday 03:47:43  run.py : INFO  math 5 begin
2023-03-14 Tuesday 03:49:59  run.py : INFO  mooc 5 finish
2023-03-14 Tuesday 03:49:59  run.py : INFO  math 6 begin
2023-03-14 Tuesday 03:52:19  run.py : INFO  mooc 6 finish
2023-03-14 Tuesday 03:52:19  run.py : INFO  math 7 begin
2023-03-14 Tuesday 03:54:25  run.py : INFO  mooc 7 finish
2023-03-14 Tuesday 03:54:25  run.py : INFO  math 8 begin
2023-03-14 Tuesday 03:56:40  run.py : INFO  mooc 8 finish
2023-03-14 Tuesday 03:56:40  run.py : INFO  math 9 begin
2023-03-14 Tuesday 03:58:51  run.py : INFO  mooc 9 finish
2023-03-14 Tuesday 04:02:12  run.py : INFO  math 0 begin
2023-03-14 Tuesday 04:04:45  run.py : INFO  mooc 0 finish
2023-03-14 Tuesday 04:04:45  run.py : INFO  math 1 begin
2023-03-14 Tuesday 04:06:53  run.py : INFO  mooc 1 finish
2023-03-14 Tuesday 04:06:53  run.py : INFO  math 2 begin
2023-03-14 Tuesday 04:09:10  run.py : INFO  mooc 2 finish
2023-03-14 Tuesday 04:09:10  run.py : INFO  math 3 begin
2023-03-14 Tuesday 04:11:23  run.py : INFO  mooc 3 finish
2023-03-14 Tuesday 04:11:23  run.py : INFO  math 4 begin
2023-03-14 Tuesday 04:13:34  run.py : INFO  mooc 4 finish
2023-03-14 Tuesday 04:13:34  run.py : INFO  math 5 begin
2023-03-14 Tuesday 04:16:08  run.py : INFO  mooc 5 finish
2023-03-14 Tuesday 04:16:08  run.py : INFO  math 6 begin
2023-03-14 Tuesday 04:17:21  run.py : INFO  math 0 begin
2023-03-14 Tuesday 04:18:37  run.py : INFO  mooc 6 finish
2023-03-14 Tuesday 04:18:37  run.py : INFO  math 7 begin
2023-03-14 Tuesday 04:20:55  run.py : INFO  mooc 7 finish
2023-03-14 Tuesday 04:20:55  run.py : INFO  math 8 begin
2023-03-14 Tuesday 04:23:41  run.py : INFO  mooc 8 finish
2023-03-14 Tuesday 04:23:41  run.py : INFO  math 9 begin
2023-03-14 Tuesday 04:25:49  run.py : INFO  mooc 9 finish
2023-03-14 Tuesday 04:50:11  run.py : INFO  mooc 0 finish
2023-03-14 Tuesday 04:50:11  run.py : INFO  math 1 begin
2023-03-14 Tuesday 05:23:16  run.py : INFO  mooc 1 finish
2023-03-14 Tuesday 05:23:16  run.py : INFO  math 2 begin
2023-03-14 Tuesday 05:56:59  run.py : INFO  mooc 2 finish
2023-03-14 Tuesday 05:56:59  run.py : INFO  math 3 begin
2023-03-14 Tuesday 06:29:54  run.py : INFO  mooc 3 finish
2023-03-14 Tuesday 06:29:54  run.py : INFO  math 4 begin
2023-03-14 Tuesday 07:02:55  run.py : INFO  mooc 4 finish
2023-03-14 Tuesday 07:02:55  run.py : INFO  math 5 begin
2023-03-14 Tuesday 07:16:39  run.py : INFO  math 0 begin
2023-03-14 Tuesday 07:21:17  run.py : INFO  mooc 0 finish
2023-03-14 Tuesday 07:21:17  run.py : INFO  math 1 begin
2023-03-14 Tuesday 07:25:28  run.py : INFO  mooc 1 finish
2023-03-14 Tuesday 07:25:28  run.py : INFO  math 2 begin
2023-03-14 Tuesday 07:29:46  run.py : INFO  mooc 2 finish
2023-03-14 Tuesday 07:29:46  run.py : INFO  math 3 begin
2023-03-14 Tuesday 07:34:10  run.py : INFO  mooc 3 finish
2023-03-14 Tuesday 07:34:10  run.py : INFO  math 4 begin
2023-03-14 Tuesday 07:36:00  run.py : INFO  mooc 5 finish
2023-03-14 Tuesday 07:36:00  run.py : INFO  math 6 begin
2023-03-14 Tuesday 07:38:35  run.py : INFO  mooc 4 finish
2023-03-14 Tuesday 07:38:35  run.py : INFO  math 5 begin
2023-03-14 Tuesday 07:42:54  run.py : INFO  mooc 5 finish
2023-03-14 Tuesday 07:42:54  run.py : INFO  math 6 begin
2023-03-14 Tuesday 07:47:11  run.py : INFO  mooc 6 finish
2023-03-14 Tuesday 07:47:11  run.py : INFO  math 7 begin
2023-03-14 Tuesday 07:51:29  run.py : INFO  mooc 7 finish
2023-03-14 Tuesday 07:51:29  run.py : INFO  math 8 begin
2023-03-14 Tuesday 07:55:39  run.py : INFO  mooc 8 finish
2023-03-14 Tuesday 07:55:39  run.py : INFO  math 9 begin
2023-03-14 Tuesday 07:59:53  run.py : INFO  mooc 9 finish
2023-03-14 Tuesday 08:09:21  run.py : INFO  mooc 6 finish
2023-03-14 Tuesday 08:09:21  run.py : INFO  math 7 begin
2023-03-14 Tuesday 08:09:23  run.py : INFO  mooc 7 finish
2023-03-14 Tuesday 08:09:23  run.py : INFO  math 8 begin
2023-03-14 Tuesday 08:09:24  run.py : INFO  mooc 8 finish
2023-03-14 Tuesday 08:09:24  run.py : INFO  math 9 begin
2023-03-14 Tuesday 08:09:24  run.py : INFO  mooc 9 finish
2023-03-14 Tuesday 08:10:22  run.py : INFO  math 0 begin
2023-03-14 Tuesday 08:10:43  run.py : INFO  mooc 0 finish
2023-03-14 Tuesday 08:10:43  run.py : INFO  math 1 begin
2023-03-14 Tuesday 08:11:06  run.py : INFO  mooc 1 finish
2023-03-14 Tuesday 08:11:06  run.py : INFO  math 2 begin
2023-03-14 Tuesday 08:11:28  run.py : INFO  mooc 2 finish
2023-03-14 Tuesday 08:11:28  run.py : INFO  math 3 begin
2023-03-14 Tuesday 08:11:50  run.py : INFO  mooc 3 finish
2023-03-14 Tuesday 08:11:50  run.py : INFO  math 4 begin
2023-03-14 Tuesday 08:12:12  run.py : INFO  mooc 4 finish
2023-03-14 Tuesday 08:12:12  run.py : INFO  math 5 begin
2023-03-14 Tuesday 08:12:34  run.py : INFO  mooc 5 finish
2023-03-14 Tuesday 08:12:34  run.py : INFO  math 6 begin
2023-03-14 Tuesday 08:12:56  run.py : INFO  mooc 6 finish
2023-03-14 Tuesday 08:12:56  run.py : INFO  math 7 begin
2023-03-14 Tuesday 08:13:18  run.py : INFO  mooc 7 finish
2023-03-14 Tuesday 08:13:18  run.py : INFO  math 8 begin
2023-03-14 Tuesday 08:13:41  run.py : INFO  mooc 8 finish
2023-03-14 Tuesday 08:13:41  run.py : INFO  math 9 begin
2023-03-14 Tuesday 08:14:04  run.py : INFO  mooc 9 finish
2023-03-14 Tuesday 08:18:44  run.py : INFO  math 0 begin
2023-03-14 Tuesday 08:48:47  run.py : INFO  mooc 0 finish
2023-03-14 Tuesday 08:48:47  run.py : INFO  math 1 begin
2023-03-14 Tuesday 09:03:36  run.py : INFO  mooc 1 finish
2023-03-14 Tuesday 09:03:36  run.py : INFO  math 2 begin
2023-03-14 Tuesday 09:33:36  run.py : INFO  mooc 2 finish
2023-03-14 Tuesday 09:33:36  run.py : INFO  math 3 begin
2023-03-14 Tuesday 09:55:27  run.py : INFO  mooc 3 finish
2023-03-14 Tuesday 09:55:27  run.py : INFO  math 4 begin
2023-03-14 Tuesday 10:31:38  run.py : INFO  mooc 4 finish
2023-03-14 Tuesday 10:31:38  run.py : INFO  math 5 begin
2023-03-14 Tuesday 11:09:00  run.py : INFO  mooc 5 finish
2023-03-14 Tuesday 11:09:00  run.py : INFO  math 6 begin
2023-03-14 Tuesday 11:48:56  run.py : INFO  mooc 6 finish
2023-03-14 Tuesday 11:48:56  run.py : INFO  math 7 begin
2023-03-14 Tuesday 12:22:27  run.py : INFO  mooc 7 finish
2023-03-14 Tuesday 12:22:27  run.py : INFO  math 8 begin
2023-03-14 Tuesday 12:55:13  run.py : INFO  mooc 8 finish
2023-03-14 Tuesday 12:55:13  run.py : INFO  math 9 begin
2023-03-14 Tuesday 13:25:27  run.py : INFO  mooc 9 finish
2023-03-15 Wednesday 01:33:43  run.py : INFO  math 0 begin
2023-03-15 Wednesday 01:34:04  run.py : INFO  mooc 0 finish
2023-03-15 Wednesday 01:34:04  run.py : INFO  math 1 begin
2023-03-15 Wednesday 01:34:04  run.py : INFO  mooc 1 finish
2023-03-15 Wednesday 01:34:04  run.py : INFO  math 2 begin
2023-03-15 Wednesday 01:34:04  run.py : INFO  mooc 2 finish
2023-03-15 Wednesday 01:34:04  run.py : INFO  math 3 begin
2023-03-15 Wednesday 01:34:04  run.py : INFO  mooc 3 finish
2023-03-15 Wednesday 01:34:04  run.py : INFO  math 4 begin
2023-03-15 Wednesday 01:34:05  run.py : INFO  mooc 4 finish
2023-03-15 Wednesday 01:38:27  run.py : INFO  math 0 begin
2023-03-15 Wednesday 07:29:48  run.py : INFO  mooc 0 finish
2023-03-15 Wednesday 07:29:48  run.py : INFO  math 1 begin
2023-03-15 Wednesday 12:37:42  run.py : INFO  mooc 1 finish
2023-03-15 Wednesday 12:37:42  run.py : INFO  math 2 begin
2023-03-15 Wednesday 17:49:46  run.py : INFO  mooc 2 finish
2023-03-15 Wednesday 17:49:46  run.py : INFO  math 3 begin
2023-03-15 Wednesday 22:52:23  run.py : INFO  mooc 3 finish
2023-03-15 Wednesday 22:52:23  run.py : INFO  math 4 begin
2023-03-16 Thursday 03:34:11  run.py : INFO  math 0 begin
2023-03-16 Thursday 03:47:10  run.py : INFO  mooc 0 finish
2023-03-16 Thursday 03:47:10  run.py : INFO  math 1 begin
2023-03-16 Thursday 03:51:37  run.py : INFO  mooc 4 finish
2023-03-16 Thursday 04:01:08  run.py : INFO  mooc 1 finish
2023-03-16 Thursday 04:01:08  run.py : INFO  math 2 begin
2023-03-16 Thursday 04:15:41  run.py : INFO  mooc 2 finish
2023-03-16 Thursday 04:15:41  run.py : INFO  math 3 begin
2023-03-16 Thursday 04:29:57  run.py : INFO  mooc 3 finish
2023-03-16 Thursday 04:29:57  run.py : INFO  math 4 begin
2023-03-16 Thursday 04:46:51  run.py : INFO  mooc 4 finish
2023-03-23 Thursday 04:07:15  run.py : INFO  math 0 begin
2023-03-23 Thursday 04:07:38  run.py : INFO  mooc 0 finish
2023-03-23 Thursday 04:07:38  run.py : INFO  math 1 begin
2023-03-23 Thursday 04:07:42  run.py : INFO  math 0 begin
2023-03-23 Thursday 04:07:58  run.py : INFO  mooc 1 finish
2023-03-23 Thursday 04:07:58  run.py : INFO  math 2 begin
2023-03-23 Thursday 04:08:03  run.py : INFO  mooc 0 finish
2023-03-23 Thursday 04:08:03  run.py : INFO  math 1 begin
2023-03-23 Thursday 04:08:19  run.py : INFO  mooc 2 finish
2023-03-23 Thursday 04:08:19  run.py : INFO  math 3 begin
2023-03-23 Thursday 04:08:22  run.py : INFO  mooc 1 finish
2023-03-23 Thursday 04:08:22  run.py : INFO  math 2 begin
2023-03-23 Thursday 04:08:39  run.py : INFO  mooc 3 finish
2023-03-23 Thursday 04:08:39  run.py : INFO  math 4 begin
2023-03-23 Thursday 04:08:43  run.py : INFO  mooc 2 finish
2023-03-23 Thursday 04:08:43  run.py : INFO  math 3 begin
2023-03-23 Thursday 04:08:59  run.py : INFO  mooc 4 finish
2023-03-23 Thursday 04:08:59  run.py : INFO  math 5 begin
2023-03-23 Thursday 04:09:06  run.py : INFO  mooc 3 finish
2023-03-23 Thursday 04:09:06  run.py : INFO  math 4 begin
2023-03-23 Thursday 04:09:21  run.py : INFO  mooc 5 finish
2023-03-23 Thursday 04:09:21  run.py : INFO  math 6 begin
2023-03-23 Thursday 04:09:29  run.py : INFO  mooc 4 finish
2023-03-23 Thursday 04:09:29  run.py : INFO  math 5 begin
2023-03-23 Thursday 04:09:43  run.py : INFO  mooc 6 finish
2023-03-23 Thursday 04:09:43  run.py : INFO  math 7 begin
2023-03-23 Thursday 04:09:51  run.py : INFO  mooc 5 finish
2023-03-23 Thursday 04:09:51  run.py : INFO  math 6 begin
2023-03-23 Thursday 04:10:03  run.py : INFO  mooc 7 finish
2023-03-23 Thursday 04:10:03  run.py : INFO  math 8 begin
2023-03-23 Thursday 04:10:12  run.py : INFO  mooc 6 finish
2023-03-23 Thursday 04:10:12  run.py : INFO  math 7 begin
2023-03-23 Thursday 04:10:24  run.py : INFO  mooc 8 finish
2023-03-23 Thursday 04:10:24  run.py : INFO  math 9 begin
2023-03-23 Thursday 04:10:33  run.py : INFO  mooc 7 finish
2023-03-23 Thursday 04:10:33  run.py : INFO  math 8 begin
2023-03-23 Thursday 04:10:45  run.py : INFO  mooc 9 finish
2023-03-23 Thursday 04:10:53  run.py : INFO  mooc 8 finish
2023-03-23 Thursday 04:10:53  run.py : INFO  math 9 begin
2023-03-23 Thursday 04:11:13  run.py : INFO  mooc 9 finish
2023-03-23 Thursday 04:19:33  run.py : INFO  math 0 begin
2023-03-23 Thursday 04:19:54  run.py : INFO  mooc 0 finish
2023-03-23 Thursday 04:19:54  run.py : INFO  math 1 begin
2023-03-23 Thursday 04:19:55  run.py : INFO  mooc 1 finish
2023-03-23 Thursday 04:19:55  run.py : INFO  math 2 begin
2023-03-23 Thursday 04:19:55  run.py : INFO  mooc 2 finish
2023-03-23 Thursday 04:19:55  run.py : INFO  math 3 begin
2023-03-23 Thursday 04:19:55  run.py : INFO  mooc 3 finish
2023-03-23 Thursday 04:19:55  run.py : INFO  math 4 begin
2023-03-23 Thursday 04:19:55  run.py : INFO  mooc 4 finish
2023-03-23 Thursday 04:19:55  run.py : INFO  math 5 begin
2023-03-23 Thursday 04:19:55  run.py : INFO  mooc 5 finish
2023-03-23 Thursday 04:19:55  run.py : INFO  math 6 begin
2023-03-23 Thursday 04:19:56  run.py : INFO  mooc 6 finish
2023-03-23 Thursday 04:19:56  run.py : INFO  math 7 begin
2023-03-23 Thursday 04:19:56  run.py : INFO  mooc 7 finish
2023-03-23 Thursday 04:19:56  run.py : INFO  math 8 begin
2023-03-23 Thursday 04:19:56  run.py : INFO  mooc 8 finish
2023-03-23 Thursday 04:19:56  run.py : INFO  math 9 begin
2023-03-23 Thursday 04:19:56  run.py : INFO  mooc 9 finish
2023-03-23 Thursday 04:20:28  run.py : INFO  math 0 begin
2023-03-23 Thursday 04:21:27  run.py : INFO  math 0 begin
2023-03-23 Thursday 04:21:46  run.py : INFO  mooc 0 finish
2023-03-23 Thursday 04:21:46  run.py : INFO  math 1 begin
2023-03-23 Thursday 04:21:50  run.py : INFO  mooc 0 finish
2023-03-23 Thursday 04:21:50  run.py : INFO  math 1 begin
2023-03-23 Thursday 04:22:11  run.py : INFO  mooc 1 finish
2023-03-23 Thursday 04:22:11  run.py : INFO  math 2 begin
2023-03-23 Thursday 04:22:33  run.py : INFO  mooc 2 finish
2023-03-23 Thursday 04:22:33  run.py : INFO  math 3 begin
2023-03-23 Thursday 04:22:54  run.py : INFO  mooc 3 finish
2023-03-23 Thursday 04:22:54  run.py : INFO  math 4 begin
2023-03-23 Thursday 04:23:09  run.py : INFO  mooc 1 finish
2023-03-23 Thursday 04:23:09  run.py : INFO  math 2 begin
2023-03-23 Thursday 04:23:16  run.py : INFO  mooc 4 finish
2023-03-23 Thursday 04:23:16  run.py : INFO  math 5 begin
2023-03-23 Thursday 04:23:36  run.py : INFO  mooc 5 finish
2023-03-23 Thursday 04:23:36  run.py : INFO  math 6 begin
2023-03-23 Thursday 04:23:56  run.py : INFO  mooc 6 finish
2023-03-23 Thursday 04:23:56  run.py : INFO  math 7 begin
2023-03-23 Thursday 04:24:18  run.py : INFO  mooc 7 finish
2023-03-23 Thursday 04:24:18  run.py : INFO  math 8 begin
2023-03-23 Thursday 04:24:28  run.py : INFO  mooc 2 finish
2023-03-23 Thursday 04:24:28  run.py : INFO  math 3 begin
2023-03-23 Thursday 04:24:39  run.py : INFO  mooc 8 finish
2023-03-23 Thursday 04:24:39  run.py : INFO  math 9 begin
2023-03-23 Thursday 04:25:00  run.py : INFO  mooc 9 finish
2023-03-23 Thursday 04:25:49  run.py : INFO  mooc 3 finish
2023-03-23 Thursday 04:25:49  run.py : INFO  math 4 begin
2023-03-23 Thursday 04:27:07  run.py : INFO  mooc 4 finish
2023-03-23 Thursday 04:27:07  run.py : INFO  math 5 begin
2023-03-23 Thursday 04:28:21  run.py : INFO  mooc 5 finish
2023-03-23 Thursday 04:28:21  run.py : INFO  math 6 begin
2023-03-23 Thursday 04:29:38  run.py : INFO  mooc 6 finish
2023-03-23 Thursday 04:29:38  run.py : INFO  math 7 begin
2023-03-23 Thursday 04:31:06  run.py : INFO  mooc 7 finish
2023-03-23 Thursday 04:31:06  run.py : INFO  math 8 begin
2023-03-23 Thursday 04:32:23  run.py : INFO  mooc 8 finish
2023-03-23 Thursday 04:32:23  run.py : INFO  math 9 begin
2023-03-23 Thursday 04:33:42  run.py : INFO  mooc 9 finish
2023-03-23 Thursday 04:43:07  run.py : INFO  math 0 begin
2023-03-23 Thursday 04:43:07  run.py : INFO  mooc 0 finish
2023-03-23 Thursday 04:43:07  run.py : INFO  math 1 begin
2023-03-23 Thursday 04:43:07  run.py : INFO  mooc 1 finish
2023-03-23 Thursday 04:43:07  run.py : INFO  math 2 begin
2023-03-23 Thursday 04:43:07  run.py : INFO  mooc 2 finish
2023-03-23 Thursday 04:43:07  run.py : INFO  math 3 begin
2023-03-23 Thursday 04:43:07  run.py : INFO  mooc 3 finish
2023-03-23 Thursday 04:43:07  run.py : INFO  math 4 begin
2023-03-23 Thursday 04:43:07  run.py : INFO  mooc 4 finish
2023-03-23 Thursday 04:43:07  run.py : INFO  math 5 begin
2023-03-23 Thursday 04:43:07  run.py : INFO  mooc 5 finish
2023-03-23 Thursday 04:43:07  run.py : INFO  math 6 begin
2023-03-23 Thursday 04:43:07  run.py : INFO  mooc 6 finish
2023-03-23 Thursday 04:43:07  run.py : INFO  math 7 begin
2023-03-23 Thursday 04:43:07  run.py : INFO  mooc 7 finish
2023-03-23 Thursday 04:43:07  run.py : INFO  math 8 begin
2023-03-23 Thursday 04:43:07  run.py : INFO  mooc 8 finish
2023-03-23 Thursday 04:43:07  run.py : INFO  math 9 begin
2023-03-23 Thursday 04:43:07  run.py : INFO  mooc 9 finish
2023-03-23 Thursday 04:43:25  run.py : INFO  math 0 begin
2023-03-23 Thursday 04:44:44  run.py : INFO  mooc 0 finish
2023-03-23 Thursday 04:44:44  run.py : INFO  math 1 begin
2023-03-23 Thursday 04:46:01  run.py : INFO  mooc 1 finish
2023-03-23 Thursday 04:46:01  run.py : INFO  math 2 begin
2023-03-23 Thursday 04:47:42  run.py : INFO  mooc 2 finish
2023-03-23 Thursday 04:47:42  run.py : INFO  math 3 begin
2023-03-23 Thursday 04:49:08  run.py : INFO  mooc 3 finish
2023-03-23 Thursday 04:49:08  run.py : INFO  math 4 begin
2023-03-23 Thursday 04:50:24  run.py : INFO  mooc 4 finish
2023-03-23 Thursday 04:50:24  run.py : INFO  math 5 begin
2023-03-23 Thursday 04:51:41  run.py : INFO  mooc 5 finish
2023-03-23 Thursday 04:51:41  run.py : INFO  math 6 begin
2023-03-23 Thursday 04:52:58  run.py : INFO  mooc 6 finish
2023-03-23 Thursday 04:52:58  run.py : INFO  math 7 begin
2023-03-23 Thursday 04:54:15  run.py : INFO  mooc 7 finish
2023-03-23 Thursday 04:54:15  run.py : INFO  math 8 begin
2023-03-23 Thursday 04:55:32  run.py : INFO  mooc 8 finish
2023-03-23 Thursday 04:55:32  run.py : INFO  math 9 begin
2023-03-23 Thursday 04:56:50  run.py : INFO  mooc 9 finish
2023-04-03 Monday 07:42:14  run.py : INFO  math 0 begin
2023-04-03 Monday 07:44:46  run.py : INFO  math 0 begin
2023-04-03 Monday 08:01:40  run.py : INFO  mooc 0 finish
2023-04-03 Monday 08:01:40  run.py : INFO  math 1 begin
2023-04-03 Monday 08:15:30  run.py : INFO  mooc 1 finish
2023-04-03 Monday 08:15:30  run.py : INFO  math 2 begin
2023-04-03 Monday 08:29:59  run.py : INFO  mooc 2 finish
2023-04-03 Monday 08:29:59  run.py : INFO  math 3 begin
2023-04-03 Monday 08:44:09  run.py : INFO  mooc 3 finish
2023-04-03 Monday 08:44:09  run.py : INFO  math 4 begin
2023-04-03 Monday 08:59:27  run.py : INFO  mooc 4 finish
2023-04-03 Monday 09:53:23  run.py : INFO  math 0 begin
2023-04-03 Monday 09:53:45  run.py : INFO  mooc 0 finish
2023-04-03 Monday 09:53:45  run.py : INFO  math 1 begin
2023-04-03 Monday 09:53:45  run.py : INFO  mooc 1 finish
2023-04-03 Monday 09:53:45  run.py : INFO  math 2 begin
2023-04-03 Monday 09:53:46  run.py : INFO  mooc 2 finish
2023-04-03 Monday 09:53:46  run.py : INFO  math 3 begin
2023-04-03 Monday 09:53:46  run.py : INFO  mooc 3 finish
2023-04-03 Monday 09:53:46  run.py : INFO  math 4 begin
2023-04-03 Monday 09:53:46  run.py : INFO  mooc 4 finish
2023-04-03 Monday 09:54:05  run.py : INFO  math 0 begin
2023-04-03 Monday 14:52:12  run.py : INFO  mooc 0 finish
2023-04-03 Monday 14:52:12  run.py : INFO  math 1 begin
2023-04-03 Monday 14:53:50  run.py : INFO  mooc 0 finish
2023-04-03 Monday 14:53:50  run.py : INFO  math 1 begin
2023-04-03 Monday 19:43:04  run.py : INFO  mooc 1 finish
2023-04-03 Monday 19:43:04  run.py : INFO  math 2 begin
2023-04-03 Monday 19:44:17  run.py : INFO  mooc 1 finish
2023-04-03 Monday 19:44:17  run.py : INFO  math 2 begin
2023-04-04 Tuesday 00:44:11  run.py : INFO  mooc 2 finish
2023-04-04 Tuesday 00:44:11  run.py : INFO  math 3 begin
2023-04-04 Tuesday 00:50:26  run.py : INFO  mooc 2 finish
2023-04-04 Tuesday 00:50:26  run.py : INFO  math 3 begin
2023-04-04 Tuesday 06:37:35  run.py : INFO  mooc 3 finish
2023-04-04 Tuesday 06:37:35  run.py : INFO  math 4 begin
2023-04-04 Tuesday 07:23:30  run.py : INFO  mooc 3 finish
2023-04-04 Tuesday 07:23:30  run.py : INFO  math 4 begin
2023-04-04 Tuesday 13:58:18  run.py : INFO  mooc 4 finish
2023-04-04 Tuesday 14:24:53  run.py : INFO  mooc 4 finish
2023-07-11 Tuesday 10:14:07  run.py : INFO  math 0 begin
2023-07-11 Tuesday 10:14:29  run.py : INFO  mooc 0 finish
2023-07-11 Tuesday 10:14:29  run.py : INFO  math 1 begin
2023-07-11 Tuesday 10:14:51  run.py : INFO  mooc 1 finish
2023-07-11 Tuesday 10:14:51  run.py : INFO  math 2 begin
2023-07-11 Tuesday 10:15:14  run.py : INFO  mooc 2 finish
2023-07-11 Tuesday 10:15:14  run.py : INFO  math 3 begin
2023-07-11 Tuesday 10:15:32  run.py : INFO  mooc 3 finish
2023-07-11 Tuesday 10:15:32  run.py : INFO  math 4 begin
2023-07-11 Tuesday 10:15:33  run.py : INFO  mooc 4 finish
2023-07-11 Tuesday 10:15:33  run.py : INFO  math 5 begin
2023-07-11 Tuesday 10:15:33  run.py : INFO  mooc 5 finish
2023-07-11 Tuesday 10:15:33  run.py : INFO  math 6 begin
2023-07-11 Tuesday 10:15:33  run.py : INFO  mooc 6 finish
2023-07-11 Tuesday 10:15:33  run.py : INFO  math 7 begin
2023-07-11 Tuesday 10:15:33  run.py : INFO  mooc 7 finish
2023-07-11 Tuesday 10:15:33  run.py : INFO  math 8 begin
2023-07-11 Tuesday 10:15:33  run.py : INFO  mooc 8 finish
2023-07-11 Tuesday 10:15:33  run.py : INFO  math 9 begin
2023-07-11 Tuesday 10:15:33  run.py : INFO  mooc 9 finish
2023-07-11 Tuesday 10:15:46  run.py : INFO  math 0 begin
2023-07-11 Tuesday 10:17:40  run.py : INFO  mooc 0 finish
2023-07-11 Tuesday 10:17:40  run.py : INFO  math 1 begin
2023-07-11 Tuesday 10:17:55  run.py : INFO  math 0 begin
2023-07-11 Tuesday 10:19:42  run.py : INFO  mooc 1 finish
2023-07-11 Tuesday 10:19:42  run.py : INFO  math 2 begin
2023-07-11 Tuesday 10:20:28  run.py : INFO  mooc 0 finish
2023-07-11 Tuesday 10:20:28  run.py : INFO  math 1 begin
2023-07-11 Tuesday 10:20:30  run.py : INFO  math 0 begin
2023-07-11 Tuesday 10:21:44  run.py : INFO  mooc 2 finish
2023-07-11 Tuesday 10:21:44  run.py : INFO  math 3 begin
2023-07-11 Tuesday 10:23:04  run.py : INFO  mooc 1 finish
2023-07-11 Tuesday 10:23:04  run.py : INFO  math 2 begin
2023-07-11 Tuesday 10:23:52  run.py : INFO  mooc 3 finish
2023-07-11 Tuesday 10:23:52  run.py : INFO  math 4 begin
2023-07-11 Tuesday 10:26:24  run.py : INFO  mooc 4 finish
2023-07-11 Tuesday 10:26:24  run.py : INFO  math 5 begin
2023-07-11 Tuesday 10:26:48  run.py : INFO  mooc 0 finish
2023-07-11 Tuesday 10:26:48  run.py : INFO  math 1 begin
2023-07-11 Tuesday 10:26:53  run.py : INFO  mooc 2 finish
2023-07-11 Tuesday 10:26:53  run.py : INFO  math 3 begin
2023-07-11 Tuesday 10:27:30  run.py : INFO  math 0 begin
2023-07-11 Tuesday 10:28:30  run.py : INFO  mooc 5 finish
2023-07-11 Tuesday 10:28:30  run.py : INFO  math 6 begin
2023-07-11 Tuesday 10:29:57  run.py : INFO  mooc 3 finish
2023-07-11 Tuesday 10:29:57  run.py : INFO  math 4 begin
2023-07-11 Tuesday 10:30:53  run.py : INFO  mooc 6 finish
2023-07-11 Tuesday 10:30:53  run.py : INFO  math 7 begin
2023-07-11 Tuesday 10:33:12  run.py : INFO  mooc 1 finish
2023-07-11 Tuesday 10:33:12  run.py : INFO  math 2 begin
2023-07-11 Tuesday 10:33:16  run.py : INFO  mooc 7 finish
2023-07-11 Tuesday 10:33:16  run.py : INFO  math 8 begin
2023-07-11 Tuesday 10:33:20  run.py : INFO  mooc 4 finish
2023-07-11 Tuesday 10:33:20  run.py : INFO  math 5 begin
2023-07-11 Tuesday 10:35:31  run.py : INFO  mooc 8 finish
2023-07-11 Tuesday 10:35:31  run.py : INFO  math 9 begin
2023-07-11 Tuesday 10:36:28  run.py : INFO  mooc 5 finish
2023-07-11 Tuesday 10:36:28  run.py : INFO  math 6 begin
2023-07-11 Tuesday 10:38:32  run.py : INFO  mooc 9 finish
2023-07-11 Tuesday 10:40:03  run.py : INFO  mooc 2 finish
2023-07-11 Tuesday 10:40:03  run.py : INFO  math 3 begin
2023-07-11 Tuesday 10:40:22  run.py : INFO  mooc 6 finish
2023-07-11 Tuesday 10:40:22  run.py : INFO  math 7 begin
2023-07-11 Tuesday 10:43:01  run.py : INFO  mooc 7 finish
2023-07-11 Tuesday 10:43:01  run.py : INFO  math 8 begin
2023-07-11 Tuesday 10:45:32  run.py : INFO  mooc 3 finish
2023-07-11 Tuesday 10:45:32  run.py : INFO  math 4 begin
2023-07-11 Tuesday 10:46:35  run.py : INFO  mooc 8 finish
2023-07-11 Tuesday 10:46:35  run.py : INFO  math 9 begin
2023-07-11 Tuesday 10:49:17  run.py : INFO  mooc 9 finish
2023-07-11 Tuesday 10:51:21  run.py : INFO  math 0 begin
2023-07-11 Tuesday 10:51:42  run.py : INFO  mooc 4 finish
2023-07-11 Tuesday 10:51:42  run.py : INFO  math 5 begin
2023-07-11 Tuesday 10:51:59  run.py : INFO  mooc 0 finish
2023-07-11 Tuesday 10:51:59  run.py : INFO  math 1 begin
2023-07-11 Tuesday 10:53:53  run.py : INFO  math 0 begin
2023-07-11 Tuesday 10:54:24  run.py : INFO  math 0 begin
2023-07-11 Tuesday 10:57:03  run.py : INFO  mooc 0 finish
2023-07-11 Tuesday 10:57:03  run.py : INFO  math 1 begin
2023-07-11 Tuesday 10:57:24  run.py : INFO  mooc 5 finish
2023-07-11 Tuesday 10:57:24  run.py : INFO  math 6 begin
2023-07-11 Tuesday 10:59:22  run.py : INFO  mooc 1 finish
2023-07-11 Tuesday 10:59:22  run.py : INFO  math 2 begin
2023-07-11 Tuesday 11:01:05  run.py : INFO  mooc 0 finish
2023-07-11 Tuesday 11:01:05  run.py : INFO  math 1 begin
2023-07-11 Tuesday 11:01:45  run.py : INFO  mooc 2 finish
2023-07-11 Tuesday 11:01:45  run.py : INFO  math 3 begin
2023-07-11 Tuesday 11:03:16  run.py : INFO  mooc 6 finish
2023-07-11 Tuesday 11:03:16  run.py : INFO  math 7 begin
2023-07-11 Tuesday 11:04:32  run.py : INFO  mooc 3 finish
2023-07-11 Tuesday 11:04:32  run.py : INFO  math 4 begin
2023-07-11 Tuesday 11:06:56  run.py : INFO  mooc 4 finish
2023-07-11 Tuesday 11:06:56  run.py : INFO  math 5 begin
2023-07-11 Tuesday 11:08:19  run.py : INFO  mooc 1 finish
2023-07-11 Tuesday 11:08:19  run.py : INFO  math 2 begin
2023-07-11 Tuesday 11:09:22  run.py : INFO  mooc 7 finish
2023-07-11 Tuesday 11:09:22  run.py : INFO  math 8 begin
2023-07-11 Tuesday 11:10:07  run.py : INFO  mooc 5 finish
2023-07-11 Tuesday 11:10:07  run.py : INFO  math 6 begin
2023-07-11 Tuesday 11:12:59  run.py : INFO  mooc 6 finish
2023-07-11 Tuesday 11:12:59  run.py : INFO  math 7 begin
2023-07-11 Tuesday 11:14:07  run.py : INFO  mooc 1 finish
2023-07-11 Tuesday 11:14:07  run.py : INFO  math 2 begin
2023-07-11 Tuesday 11:15:54  run.py : INFO  mooc 7 finish
2023-07-11 Tuesday 11:15:54  run.py : INFO  math 8 begin
2023-07-11 Tuesday 11:16:40  run.py : INFO  mooc 8 finish
2023-07-11 Tuesday 11:16:40  run.py : INFO  math 9 begin
2023-07-11 Tuesday 11:16:44  run.py : INFO  mooc 2 finish
2023-07-11 Tuesday 11:16:44  run.py : INFO  math 3 begin
2023-07-11 Tuesday 11:18:27  run.py : INFO  mooc 8 finish
2023-07-11 Tuesday 11:18:27  run.py : INFO  math 9 begin
2023-07-11 Tuesday 11:21:01  run.py : INFO  mooc 9 finish
2023-07-11 Tuesday 11:22:01  run.py : INFO  mooc 9 finish
2023-07-11 Tuesday 11:23:26  run.py : INFO  mooc 3 finish
2023-07-11 Tuesday 11:23:26  run.py : INFO  math 4 begin
2023-07-11 Tuesday 11:29:25  run.py : INFO  mooc 4 finish
2023-07-11 Tuesday 11:29:25  run.py : INFO  math 5 begin
2023-07-11 Tuesday 11:31:23  run.py : INFO  mooc 0 finish
2023-07-11 Tuesday 11:31:23  run.py : INFO  math 1 begin
2023-07-11 Tuesday 11:33:36  run.py : INFO  mooc 2 finish
2023-07-11 Tuesday 11:33:36  run.py : INFO  math 3 begin
2023-07-11 Tuesday 11:35:32  run.py : INFO  mooc 5 finish
2023-07-11 Tuesday 11:35:32  run.py : INFO  math 6 begin
2023-07-11 Tuesday 11:41:31  run.py : INFO  mooc 6 finish
2023-07-11 Tuesday 11:41:31  run.py : INFO  math 7 begin
2023-07-11 Tuesday 11:47:56  run.py : INFO  mooc 7 finish
2023-07-11 Tuesday 11:47:56  run.py : INFO  math 8 begin
2023-07-11 Tuesday 11:52:46  run.py : INFO  mooc 3 finish
2023-07-11 Tuesday 11:52:46  run.py : INFO  math 4 begin
2023-07-11 Tuesday 11:54:19  run.py : INFO  mooc 8 finish
2023-07-11 Tuesday 11:54:19  run.py : INFO  math 9 begin
2023-07-11 Tuesday 12:00:48  run.py : INFO  mooc 9 finish
2023-07-11 Tuesday 12:06:43  run.py : INFO  mooc 1 finish
2023-07-11 Tuesday 12:06:43  run.py : INFO  math 2 begin
2023-07-11 Tuesday 12:12:19  run.py : INFO  mooc 4 finish
2023-07-11 Tuesday 12:12:19  run.py : INFO  math 5 begin
2023-07-11 Tuesday 12:32:54  run.py : INFO  mooc 5 finish
2023-07-11 Tuesday 12:32:54  run.py : INFO  math 6 begin
2023-07-11 Tuesday 12:45:46  run.py : INFO  mooc 2 finish
2023-07-11 Tuesday 12:45:46  run.py : INFO  math 3 begin
2023-07-11 Tuesday 12:53:15  run.py : INFO  mooc 6 finish
2023-07-11 Tuesday 12:53:15  run.py : INFO  math 7 begin
2023-07-11 Tuesday 13:12:41  run.py : INFO  mooc 7 finish
2023-07-11 Tuesday 13:12:41  run.py : INFO  math 8 begin
2023-07-11 Tuesday 13:22:15  run.py : INFO  mooc 3 finish
2023-07-11 Tuesday 13:22:15  run.py : INFO  math 4 begin
2023-07-11 Tuesday 13:32:38  run.py : INFO  mooc 8 finish
2023-07-11 Tuesday 13:32:38  run.py : INFO  math 9 begin
2023-07-11 Tuesday 13:51:05  run.py : INFO  mooc 9 finish
2023-07-11 Tuesday 13:56:00  run.py : INFO  mooc 4 finish
2023-07-11 Tuesday 13:56:00  run.py : INFO  math 5 begin
2023-07-11 Tuesday 14:30:23  run.py : INFO  mooc 5 finish
2023-07-11 Tuesday 14:30:23  run.py : INFO  math 6 begin
2023-07-11 Tuesday 15:03:40  run.py : INFO  mooc 6 finish
2023-07-11 Tuesday 15:03:40  run.py : INFO  math 7 begin
2023-07-11 Tuesday 15:37:48  run.py : INFO  mooc 7 finish
2023-07-11 Tuesday 15:37:48  run.py : INFO  math 8 begin
2023-07-11 Tuesday 16:09:28  run.py : INFO  mooc 8 finish
2023-07-11 Tuesday 16:09:28  run.py : INFO  math 9 begin
2023-07-11 Tuesday 16:41:07  run.py : INFO  mooc 9 finish
2023-07-12 Wednesday 01:55:29  run.py : INFO  math 0 begin
2023-07-12 Wednesday 01:57:19  run.py : INFO  math 0 begin
2023-07-12 Wednesday 02:09:11  run.py : INFO  mooc 0 finish
2023-07-12 Wednesday 02:09:11  run.py : INFO  math 1 begin
2023-07-12 Wednesday 02:23:04  run.py : INFO  mooc 1 finish
2023-07-12 Wednesday 02:23:04  run.py : INFO  math 2 begin
2023-07-12 Wednesday 02:28:26  run.py : INFO  mooc 0 finish
2023-07-12 Wednesday 02:28:26  run.py : INFO  math 1 begin
2023-07-12 Wednesday 02:45:37  run.py : INFO  mooc 2 finish
2023-07-12 Wednesday 02:45:37  run.py : INFO  math 3 begin
2023-07-12 Wednesday 03:01:47  run.py : INFO  mooc 3 finish
2023-07-12 Wednesday 03:01:47  run.py : INFO  math 4 begin
2023-07-12 Wednesday 03:04:30  run.py : INFO  mooc 1 finish
2023-07-12 Wednesday 03:04:30  run.py : INFO  math 2 begin
2023-07-12 Wednesday 03:16:07  run.py : INFO  mooc 4 finish
2023-07-12 Wednesday 03:16:07  run.py : INFO  math 5 begin
2023-07-12 Wednesday 03:34:01  run.py : INFO  mooc 5 finish
2023-07-12 Wednesday 03:34:01  run.py : INFO  math 6 begin
2023-07-12 Wednesday 03:34:23  run.py : INFO  mooc 2 finish
2023-07-12 Wednesday 03:34:23  run.py : INFO  math 3 begin
2023-07-12 Wednesday 03:59:27  run.py : INFO  mooc 6 finish
2023-07-12 Wednesday 03:59:27  run.py : INFO  math 7 begin
2023-07-12 Wednesday 04:18:05  run.py : INFO  mooc 3 finish
2023-07-12 Wednesday 04:18:05  run.py : INFO  math 4 begin
2023-07-12 Wednesday 04:19:09  run.py : INFO  mooc 7 finish
2023-07-12 Wednesday 04:19:09  run.py : INFO  math 8 begin
2023-07-12 Wednesday 04:35:24  run.py : INFO  mooc 8 finish
2023-07-12 Wednesday 04:35:24  run.py : INFO  math 9 begin
2023-07-12 Wednesday 04:48:36  run.py : INFO  mooc 4 finish
2023-07-12 Wednesday 04:48:36  run.py : INFO  math 5 begin
2023-07-12 Wednesday 04:50:46  run.py : INFO  mooc 9 finish
2023-07-12 Wednesday 05:30:17  run.py : INFO  mooc 5 finish
2023-07-12 Wednesday 05:30:17  run.py : INFO  math 6 begin
2023-07-12 Wednesday 05:57:40  run.py : INFO  mooc 6 finish
2023-07-12 Wednesday 05:57:40  run.py : INFO  math 7 begin
2023-07-12 Wednesday 06:33:21  run.py : INFO  mooc 7 finish
2023-07-12 Wednesday 06:33:21  run.py : INFO  math 8 begin
2023-07-12 Wednesday 07:04:29  run.py : INFO  mooc 8 finish
2023-07-12 Wednesday 07:04:29  run.py : INFO  math 9 begin
2023-07-12 Wednesday 07:32:44  run.py : INFO  mooc 9 finish
2023-07-12 Wednesday 12:47:03  run.py : INFO  math 0 begin
2023-07-12 Wednesday 12:47:26  run.py : INFO  math 1 begin
2023-07-12 Wednesday 13:07:42  run.py : INFO  mooc 0 finish
2023-07-12 Wednesday 13:07:42  run.py : INFO  math 1 begin
2023-07-12 Wednesday 13:23:16  run.py : INFO  mooc 1 finish
2023-07-12 Wednesday 13:23:16  run.py : INFO  math 2 begin
2023-07-12 Wednesday 13:28:32  run.py : INFO  mooc 1 finish
2023-07-12 Wednesday 13:28:32  run.py : INFO  math 2 begin
2023-07-12 Wednesday 13:43:54  run.py : INFO  mooc 2 finish
2023-07-12 Wednesday 13:43:54  run.py : INFO  math 3 begin
2023-07-12 Wednesday 13:49:50  run.py : INFO  mooc 2 finish
2023-07-12 Wednesday 13:49:50  run.py : INFO  math 3 begin
2023-07-12 Wednesday 13:56:29  run.py : INFO  mooc 3 finish
2023-07-12 Wednesday 13:56:29  run.py : INFO  math 4 begin
2023-07-12 Wednesday 14:11:22  run.py : INFO  mooc 3 finish
2023-07-12 Wednesday 14:11:22  run.py : INFO  math 4 begin
2023-07-12 Wednesday 14:12:42  run.py : INFO  mooc 4 finish
2023-07-12 Wednesday 14:12:42  run.py : INFO  math 5 begin
2023-07-12 Wednesday 14:29:47  run.py : INFO  mooc 5 finish
2023-07-12 Wednesday 14:29:47  run.py : INFO  math 6 begin
2023-07-12 Wednesday 14:39:37  run.py : INFO  mooc 4 finish
2023-07-12 Wednesday 14:39:37  run.py : INFO  math 5 begin
2023-07-12 Wednesday 14:44:49  run.py : INFO  mooc 6 finish
2023-07-12 Wednesday 14:44:49  run.py : INFO  math 7 begin
2023-07-12 Wednesday 15:00:17  run.py : INFO  mooc 7 finish
2023-07-12 Wednesday 15:00:17  run.py : INFO  math 8 begin
2023-07-12 Wednesday 15:09:53  run.py : INFO  mooc 5 finish
2023-07-12 Wednesday 15:09:53  run.py : INFO  math 6 begin
2023-07-12 Wednesday 15:17:28  run.py : INFO  mooc 8 finish
2023-07-12 Wednesday 15:17:28  run.py : INFO  math 9 begin
2023-07-12 Wednesday 15:31:36  run.py : INFO  mooc 9 finish
2023-07-12 Wednesday 15:35:59  run.py : INFO  mooc 6 finish
2023-07-12 Wednesday 15:35:59  run.py : INFO  math 7 begin
2023-07-12 Wednesday 16:00:31  run.py : INFO  mooc 7 finish
2023-07-12 Wednesday 16:00:31  run.py : INFO  math 8 begin
2023-07-12 Wednesday 16:28:16  run.py : INFO  mooc 8 finish
2023-07-12 Wednesday 16:28:16  run.py : INFO  math 9 begin
2023-07-12 Wednesday 16:51:40  run.py : INFO  mooc 9 finish
2023-07-13 Thursday 02:08:18  run.py : INFO  math 0 begin
2023-07-13 Thursday 02:57:57  run.py : INFO  mooc 0 finish
2023-07-13 Thursday 02:57:57  run.py : INFO  math 1 begin
2023-07-13 Thursday 03:27:09  run.py : INFO  mooc 1 finish
2023-07-13 Thursday 03:27:09  run.py : INFO  math 2 begin
2023-07-13 Thursday 03:27:10  run.py : INFO  mooc 2 finish
2023-07-13 Thursday 03:27:10  run.py : INFO  math 3 begin
2023-07-13 Thursday 03:27:11  run.py : INFO  mooc 3 finish
2023-07-13 Thursday 03:27:11  run.py : INFO  math 4 begin
2023-07-13 Thursday 03:27:11  run.py : INFO  mooc 4 finish
2023-07-13 Thursday 03:27:11  run.py : INFO  math 5 begin
2023-07-13 Thursday 03:27:12  run.py : INFO  mooc 5 finish
2023-07-13 Thursday 03:27:12  run.py : INFO  math 6 begin
2023-07-13 Thursday 03:27:12  run.py : INFO  mooc 6 finish
2023-07-13 Thursday 03:27:12  run.py : INFO  math 7 begin
2023-07-13 Thursday 03:27:13  run.py : INFO  mooc 7 finish
2023-07-13 Thursday 03:27:13  run.py : INFO  math 8 begin
2023-07-13 Thursday 03:27:13  run.py : INFO  mooc 8 finish
2023-07-13 Thursday 03:27:13  run.py : INFO  math 9 begin
2023-07-13 Thursday 03:27:14  run.py : INFO  mooc 9 finish
2023-07-13 Thursday 07:44:48  run.py : INFO  math 0 begin
2023-07-13 Thursday 07:46:15  run.py : INFO  math 0 begin
2023-07-13 Thursday 07:57:25  run.py : INFO  mooc 0 finish
2023-07-13 Thursday 07:57:25  run.py : INFO  math 1 begin
2023-07-13 Thursday 08:04:57  run.py : INFO  mooc 0 finish
2023-07-13 Thursday 08:04:57  run.py : INFO  math 1 begin
2023-07-13 Thursday 08:10:14  run.py : INFO  mooc 1 finish
2023-07-13 Thursday 08:10:14  run.py : INFO  math 2 begin
2023-07-13 Thursday 08:21:57  run.py : INFO  mooc 2 finish
2023-07-13 Thursday 08:21:57  run.py : INFO  math 3 begin
2023-07-13 Thursday 08:25:50  run.py : INFO  mooc 1 finish
2023-07-13 Thursday 08:25:50  run.py : INFO  math 2 begin
2023-07-13 Thursday 08:34:30  run.py : INFO  mooc 3 finish
2023-07-13 Thursday 08:34:30  run.py : INFO  math 4 begin
2023-07-13 Thursday 08:47:00  run.py : INFO  mooc 4 finish
2023-07-13 Thursday 08:47:00  run.py : INFO  math 5 begin
2023-07-13 Thursday 08:47:00  run.py : INFO  mooc 2 finish
2023-07-13 Thursday 08:47:00  run.py : INFO  math 3 begin
2023-07-13 Thursday 08:59:35  run.py : INFO  mooc 5 finish
2023-07-13 Thursday 08:59:35  run.py : INFO  math 6 begin
2023-07-13 Thursday 09:07:19  run.py : INFO  mooc 3 finish
2023-07-13 Thursday 09:07:19  run.py : INFO  math 4 begin
2023-07-13 Thursday 09:12:40  run.py : INFO  mooc 6 finish
2023-07-13 Thursday 09:12:40  run.py : INFO  math 7 begin
2023-07-13 Thursday 09:24:57  run.py : INFO  mooc 7 finish
2023-07-13 Thursday 09:24:57  run.py : INFO  math 8 begin
2023-07-13 Thursday 09:27:55  run.py : INFO  mooc 4 finish
2023-07-13 Thursday 09:27:55  run.py : INFO  math 5 begin
2023-07-13 Thursday 09:37:16  run.py : INFO  mooc 8 finish
2023-07-13 Thursday 09:37:16  run.py : INFO  math 9 begin
2023-07-13 Thursday 09:49:23  run.py : INFO  mooc 9 finish
2023-07-13 Thursday 09:49:45  run.py : INFO  mooc 5 finish
2023-07-13 Thursday 09:49:45  run.py : INFO  math 6 begin
2023-07-13 Thursday 10:09:55  run.py : INFO  mooc 6 finish
2023-07-13 Thursday 10:09:55  run.py : INFO  math 7 begin
2023-07-13 Thursday 10:30:13  run.py : INFO  mooc 7 finish
2023-07-13 Thursday 10:30:13  run.py : INFO  math 8 begin
2023-07-13 Thursday 10:50:13  run.py : INFO  mooc 8 finish
2023-07-13 Thursday 10:50:13  run.py : INFO  math 9 begin
2023-07-13 Thursday 11:10:24  run.py : INFO  mooc 9 finish
2023-10-25 Wednesday 12:06:43  run.py : INFO  math 0 begin
2023-10-25 Wednesday 12:07:09  run.py : INFO  math 0 begin
2023-10-25 Wednesday 12:14:46  run.py : INFO  mooc 0 finish
2023-10-25 Wednesday 12:14:46  run.py : INFO  math 1 begin
2023-10-25 Wednesday 12:16:55  run.py : INFO  math 0 begin
2023-10-25 Wednesday 12:17:40  run.py : INFO  math 0 begin
2023-10-25 Wednesday 12:22:56  run.py : INFO  mooc 1 finish
2023-10-25 Wednesday 12:22:56  run.py : INFO  math 2 begin
2023-10-25 Wednesday 12:25:35  run.py : INFO  mooc 0 finish
2023-10-25 Wednesday 12:25:35  run.py : INFO  math 1 begin
2023-10-25 Wednesday 12:31:28  run.py : INFO  mooc 2 finish
2023-10-25 Wednesday 12:31:28  run.py : INFO  math 3 begin
2023-10-25 Wednesday 12:34:33  run.py : INFO  mooc 1 finish
2023-10-25 Wednesday 12:34:33  run.py : INFO  math 2 begin
2023-10-25 Wednesday 12:40:06  run.py : INFO  mooc 3 finish
2023-10-25 Wednesday 12:40:06  run.py : INFO  math 4 begin
2023-10-25 Wednesday 12:43:07  run.py : INFO  mooc 2 finish
2023-10-25 Wednesday 12:43:07  run.py : INFO  math 3 begin
2023-10-25 Wednesday 12:48:20  run.py : INFO  mooc 4 finish
2023-10-25 Wednesday 12:51:47  run.py : INFO  mooc 3 finish
2023-10-25 Wednesday 12:51:47  run.py : INFO  math 4 begin
2023-10-25 Wednesday 12:56:22  run.py : INFO  mooc 0 finish
2023-10-25 Wednesday 12:56:22  run.py : INFO  math 1 begin
2023-10-25 Wednesday 13:00:21  run.py : INFO  mooc 4 finish
2023-10-25 Wednesday 13:07:22  run.py : INFO  mooc 0 finish
2023-10-25 Wednesday 13:07:22  run.py : INFO  math 1 begin
2023-10-25 Wednesday 13:44:08  run.py : INFO  mooc 1 finish
2023-10-25 Wednesday 13:44:08  run.py : INFO  math 2 begin
2023-10-25 Wednesday 13:55:03  run.py : INFO  mooc 1 finish
2023-10-25 Wednesday 13:55:03  run.py : INFO  math 2 begin
2023-10-25 Wednesday 14:32:02  run.py : INFO  mooc 2 finish
2023-10-25 Wednesday 14:32:02  run.py : INFO  math 3 begin
2023-10-25 Wednesday 14:43:35  run.py : INFO  mooc 2 finish
2023-10-25 Wednesday 14:43:35  run.py : INFO  math 3 begin
2023-10-25 Wednesday 15:19:31  run.py : INFO  mooc 3 finish
2023-10-25 Wednesday 15:19:31  run.py : INFO  math 4 begin
2023-10-25 Wednesday 15:32:27  run.py : INFO  mooc 3 finish
2023-10-25 Wednesday 15:32:27  run.py : INFO  math 4 begin
2023-10-25 Wednesday 16:07:38  run.py : INFO  mooc 4 finish
2023-10-25 Wednesday 16:22:07  run.py : INFO  mooc 4 finish
2023-12-05 Tuesday 07:31:50  run.py : INFO  math 0 begin
2023-12-05 Tuesday 07:32:17  run.py : INFO  math 0 begin
2023-12-05 Tuesday 07:34:54  run.py : INFO  math 0 begin
2023-12-05 Tuesday 07:35:14  run.py : INFO  math 0 begin
2023-12-05 Tuesday 07:41:50  run.py : INFO  mooc 0 finish
2023-12-05 Tuesday 07:41:50  run.py : INFO  math 1 begin
2023-12-05 Tuesday 07:45:31  run.py : INFO  mooc 0 finish
2023-12-05 Tuesday 07:45:31  run.py : INFO  math 1 begin
2023-12-05 Tuesday 07:52:31  run.py : INFO  mooc 1 finish
2023-12-05 Tuesday 07:52:31  run.py : INFO  math 2 begin
2023-12-05 Tuesday 07:56:53  run.py : INFO  mooc 1 finish
2023-12-05 Tuesday 07:56:53  run.py : INFO  math 2 begin
2023-12-05 Tuesday 08:03:18  run.py : INFO  mooc 2 finish
2023-12-05 Tuesday 08:03:18  run.py : INFO  math 3 begin
2023-12-05 Tuesday 08:07:02  run.py : INFO  mooc 2 finish
2023-12-05 Tuesday 08:07:02  run.py : INFO  math 3 begin
2023-12-05 Tuesday 08:14:36  run.py : INFO  mooc 3 finish
2023-12-05 Tuesday 08:14:36  run.py : INFO  math 4 begin
2023-12-05 Tuesday 08:18:38  run.py : INFO  mooc 3 finish
2023-12-05 Tuesday 08:18:38  run.py : INFO  math 4 begin
2023-12-05 Tuesday 08:25:58  run.py : INFO  mooc 4 finish
2023-12-05 Tuesday 08:28:58  run.py : INFO  mooc 4 finish
2023-12-05 Tuesday 08:47:33  run.py : INFO  mooc 0 finish
2023-12-05 Tuesday 08:47:33  run.py : INFO  math 1 begin
2023-12-05 Tuesday 08:52:39  run.py : INFO  mooc 0 finish
2023-12-05 Tuesday 08:52:39  run.py : INFO  math 1 begin
2023-12-05 Tuesday 10:02:53  run.py : INFO  mooc 1 finish
2023-12-05 Tuesday 10:02:53  run.py : INFO  math 2 begin
2023-12-05 Tuesday 10:10:44  run.py : INFO  mooc 1 finish
2023-12-05 Tuesday 10:10:44  run.py : INFO  math 2 begin
2023-12-05 Tuesday 11:21:02  run.py : INFO  mooc 2 finish
2023-12-05 Tuesday 11:21:02  run.py : INFO  math 3 begin
2023-12-05 Tuesday 11:24:57  run.py : INFO  mooc 2 finish
2023-12-05 Tuesday 11:24:57  run.py : INFO  math 3 begin
2023-12-05 Tuesday 12:34:37  run.py : INFO  mooc 3 finish
2023-12-05 Tuesday 12:34:37  run.py : INFO  math 4 begin
2023-12-05 Tuesday 12:39:00  run.py : INFO  mooc 3 finish
2023-12-05 Tuesday 12:39:00  run.py : INFO  math 4 begin
2023-12-05 Tuesday 13:47:44  run.py : INFO  mooc 4 finish
2023-12-05 Tuesday 13:54:46  run.py : INFO  mooc 4 finish
2023-12-07 Thursday 07:19:33  run.py : INFO  math 0 begin
2023-12-07 Thursday 18:15:35  run.py : INFO  mooc 0 finish
2023-12-07 Thursday 18:15:35  run.py : INFO  math 1 begin
2023-12-08 Friday 05:50:52  run.py : INFO  mooc 1 finish
2023-12-08 Friday 05:50:52  run.py : INFO  math 2 begin
2023-12-08 Friday 10:28:44  run.py : INFO  mooc 2 finish
